<?xml version="1.0" encoding="UTF-8"?>
<testng-results ignored="0" total="1" passed="1" failed="0" skipped="0">
  <reporter-output>
  </reporter-output>
  <suite started-at="2023-12-02T12:23:59 IST" name="InetBankingV1" finished-at="2023-12-02T12:24:30 IST" duration-ms="31063">
    <groups>
    </groups>
    <test started-at="2023-12-02T12:23:59 IST" name="BankingApp Test" finished-at="2023-12-02T12:24:30 IST" duration-ms="31063">
      <class name="com.e_banking.testCases.TC_AddCustomerTest_003">
        <test-method is-config="true" signature="setup(java.lang.String)[pri:0, instance:com.e_banking.testCases.TC_AddCustomerTest_003@6574a52c]" started-at="2023-12-02T12:23:59 IST" name="setup" finished-at="2023-12-02T12:24:01 IST" duration-ms="1681" status="PASS">
          <params>
            <param index="0">
              <value>
                <![CDATA[chrome]]>
              </value>
            </param>
          </params>
          <reporter-output>
          </reporter-output>
        </test-method> <!-- setup -->
        <test-method signature="addNewCustomer()[pri:0, instance:com.e_banking.testCases.TC_AddCustomerTest_003@6574a52c]" started-at="2023-12-02T12:24:01 IST" name="addNewCustomer" finished-at="2023-12-02T12:24:30 IST" duration-ms="28780" status="PASS">
          <reporter-output>
          </reporter-output>
        </test-method> <!-- addNewCustomer -->
        <test-method is-config="true" signature="tearDown()[pri:0, instance:com.e_banking.testCases.TC_AddCustomerTest_003@6574a52c]" started-at="2023-12-02T12:24:30 IST" name="tearDown" finished-at="2023-12-02T12:24:30 IST" duration-ms="334" status="PASS">
          <reporter-output>
          </reporter-output>
        </test-method> <!-- tearDown -->
      </class> <!-- com.e_banking.testCases.TC_AddCustomerTest_003 -->
    </test> <!-- BankingApp Test -->
  </suite> <!-- InetBankingV1 -->
</testng-results>
